<class 'pyscf.pbc.df.mdf.MDF'> does not have attributes  time_reversal_symmetry
converged SCF energy = -455.663883212706
{'cell': <pyscf.pbc.gto.cell.Cell object at 0x7f7b7e0c3c10>, 'verbose': 3, 'max_memory': 4000, 'stdout': <_io.TextIOWrapper name='<stdout>' mode='w' encoding='utf-8'>, '_chkfile': <tempfile._TemporaryFileWrapper object at 0x7f7b20400700>, 'chkfile': '/tmp/tmpkid6d5da', 'mo_energy': [array([-10.82249794, -10.8224853 , -10.82241121, -10.82239221,
       -10.82092782, -10.82089751, -10.82086044, -10.82081745,
       -10.82008398, -10.82005618, -10.82005464, -10.82003628,
        -0.90845088,  -0.89735215,  -0.7784568 ,  -0.77766135,
        -0.77441661,  -0.76536773,  -0.61596854,  -0.6156289 ,
        -0.60138624,  -0.59301236,  -0.52274155,  -0.50687351,
        -0.47020321,  -0.46079953,  -0.3777284 ,  -0.37311469,
        -0.36746031,  -0.3666127 ,  -0.36028116,  -0.35307858,
        -0.27588731,  -0.26624764,  -0.26109255,  -0.25363563,
        -0.24818231,  -0.24727907,  -0.11506014,  -0.10180339,
        -0.09329533,  -0.08920835,   0.47901899,   0.48182913,
         0.48921632,   0.49118622,   0.71805963,   0.72002473,
         0.89047826,   0.96616811,   0.96815783,   0.97469134,
         0.98797277,   0.99800619,   1.00841635,   1.01839207,
         1.02565382,   1.02813365,   1.06904856,   1.11562424,
         1.16095197,   1.18841735,   1.22161106,   1.23286326,
         1.27082966,   1.27312273,   1.2789719 ,   1.30539701,
         1.30738794,   1.32665297,   1.45814658,   1.50327878])], 'mo_coeff': [array([[ 4.78995483e-02, -4.68254254e-02,  4.82536975e-02, ...,
         3.06421912e-02, -2.78580371e-02, -1.36080710e-02],
       [-1.47536685e-03,  1.73245010e-03, -2.14067227e-03, ...,
        -2.77771274e-01,  1.92254149e-01,  8.89899311e-02],
       [ 6.93383002e-05, -9.59407099e-05, -5.28842980e-04, ...,
         4.31508546e-01,  3.99636808e-01,  4.09268453e-01],
       ...,
       [-4.17738499e-03, -4.29017940e-03, -4.25709848e-03, ...,
        -3.08057044e-01,  3.43167279e-01, -3.31298607e-01],
       [ 4.18416823e-03, -4.28300834e-03, -4.25944057e-03, ...,
        -3.08068393e-01,  3.43158477e-01,  3.31303083e-01],
       [ 4.17738496e-03,  4.29017937e-03, -4.25709851e-03, ...,
        -3.08057045e-01, -3.43167279e-01,  3.31298607e-01]])], 'mo_occ': [array([2., 2., 2., 2., 2., 2., 2., 2., 2., 2., 2., 2., 2., 2., 2., 2., 2.,
       2., 2., 2., 2., 2., 2., 2., 2., 2., 2., 2., 2., 2., 2., 2., 2., 2.,
       2., 2., 2., 2., 2., 2., 2., 2., 0., 0., 0., 0., 0., 0., 0., 0., 0.,
       0., 0., 0., 0., 0., 0., 0., 0., 0., 0., 0., 0., 0., 0., 0., 0., 0.,
       0., 0., 0., 0.])], 'e_tot': np.float64(-455.6638832127055), 'converged': True, 'scf_summary': {'nuc': np.float64(-65.43284617628669), 'e1': np.float64(-493.8784419788358), 'e2': np.float64(103.64740494241694)}, '_opt': {None: None}, '_eri': None, 'with_df': <pyscf.pbc.df.mdf.MDF object at 0x7f7b7dfbef80>, 'rsjk': None, 'exxdiv': 'ewald', 'conv_tol': 1e-07, 'exx_built': False, '_t0': 307.9754816, '_w0': 216.955806236}
